Note: javax\management\ImmutableDescriptorImpl.java uses unchecked or unsafe operations.
Note: Recompile with -Xlint:unchecked for details.
Note: C:\Work\Java\test08_noDefaultConstructorClasses\javax\management\ImmutableDescriptorImpl.java uses unchecked or unsafe operations.
Note: Recompile with -Xlint:unchecked for details.
Note: javax\imageio\IIOImageImpl.java uses unchecked or unsafe operations.
Note: Recompile with -Xlint:unchecked for details.
Note: C:\Work\Java\test09_ambiguousConstructorClasses\javax\imageio\IIOImageImpl.java uses unchecked or unsafe operations.
Note: Recompile with -Xlint:unchecked for details.
Note: javax\management\remote\rmi\RMIServerImplImpl.java uses unchecked or unsafe operations.
Note: Recompile with -Xlint:unchecked for details.
Note: javax\management\remote\rmi\RMIIIOPServerImplImpl.java uses unchecked or unsafe operations.
Note: Recompile with -Xlint:unchecked for details.
Note: Some input files use unchecked or unsafe operations.
Note: Recompile with -Xlint:unchecked for details.
Note: org\omg\CORBA_2_3\ORBImpl.java uses or overrides a deprecated API.
Note: Recompile with -Xlint:deprecation for details.
Note: C:\Work\Java\test15_inheritedNonPublicAbstractMethod\org\omg\CORBA_2_3\ORBImpl.java uses or overrides a deprecated API.
Note: Recompile with -Xlint:deprecation for details.
Note: javax\annotation\GeneratedImpl.java uses unchecked or unsafe operations.
Note: Recompile with -Xlint:unchecked for details.
Note: C:\Work\Java\test03_standardInterfaces\javax\annotation\GeneratedImpl.java uses unchecked or unsafe operations.
Note: Recompile with -Xlint:unchecked for details.
Note: javax\sql\rowset\CachedRowSetImpl.java uses or overrides a deprecated API.
Note: Recompile with -Xlint:deprecation for details.
Note: javax\sql\rowset\CachedRowSetImpl.java uses unchecked or unsafe operations.
Note: Recompile with -Xlint:unchecked for details.
Note: C:\Work\Java\test04_extendedInterfaces\javax\sql\rowset\CachedRowSetImpl.java uses or overrides a deprecated API.
Note: Recompile with -Xlint:deprecation for details.
Note: C:\Work\Java\test04_extendedInterfaces\javax\sql\rowset\CachedRowSetImpl.java uses unchecked or unsafe operations.
Note: Recompile with -Xlint:unchecked for details.
Test test15_encoding failed: Error implementing class info.kgeorgiy.java.advanced.implementor.examples.Arabic
java.lang.AssertionError: Error implementing class info.kgeorgiy.java.advanced.implementor.examples.Arabic
	at info.kgeorgiy.java.advanced.implementor.InterfaceImplementorTest.implement(Unknown Source)
	at info.kgeorgiy.java.advanced.implementor.InterfaceImplementorTest.test(Unknown Source)
	at info.kgeorgiy.java.advanced.implementor.ClassJarImplementorTest.test15_encoding(Unknown Source)
	at sun.reflect.NativeMethodAccessorImpl.invoke0(Native Method)
	at sun.reflect.NativeMethodAccessorImpl.invoke(NativeMethodAccessorImpl.java:62)
	at sun.reflect.DelegatingMethodAccessorImpl.invoke(DelegatingMethodAccessorImpl.java:43)
	at java.lang.reflect.Method.invoke(Method.java:498)
	at org.junit.runners.model.FrameworkMethod$1.runReflectiveCall(FrameworkMethod.java:47)
	at org.junit.internal.runners.model.ReflectiveCallable.run(ReflectiveCallable.java:12)
	at org.junit.runners.model.FrameworkMethod.invokeExplosively(FrameworkMethod.java:44)
	at org.junit.internal.runners.statements.InvokeMethod.evaluate(InvokeMethod.java:17)
	at org.junit.rules.TestWatcher$1.evaluate(TestWatcher.java:55)
	at org.junit.rules.RunRules.evaluate(RunRules.java:20)
	at org.junit.runners.ParentRunner.runLeaf(ParentRunner.java:271)
	at org.junit.runners.BlockJUnit4ClassRunner.runChild(BlockJUnit4ClassRunner.java:70)
	at org.junit.runners.BlockJUnit4ClassRunner.runChild(BlockJUnit4ClassRunner.java:50)
	at org.junit.runners.ParentRunner$3.run(ParentRunner.java:238)
	at org.junit.runners.ParentRunner$1.schedule(ParentRunner.java:63)
	at org.junit.runners.ParentRunner.runChildren(ParentRunner.java:236)
	at org.junit.runners.ParentRunner.access$000(ParentRunner.java:53)
	at org.junit.runners.ParentRunner$2.evaluate(ParentRunner.java:229)
	at org.junit.runners.ParentRunner.run(ParentRunner.java:309)
	at org.junit.runners.Suite.runChild(Suite.java:127)
	at org.junit.runners.Suite.runChild(Suite.java:26)
	at org.junit.runners.ParentRunner$3.run(ParentRunner.java:238)
	at org.junit.runners.ParentRunner$1.schedule(ParentRunner.java:63)
	at org.junit.runners.ParentRunner.runChildren(ParentRunner.java:236)
	at org.junit.runners.ParentRunner.access$000(ParentRunner.java:53)
	at org.junit.runners.ParentRunner$2.evaluate(ParentRunner.java:229)
	at org.junit.runners.ParentRunner.run(ParentRunner.java:309)
	at org.junit.runner.JUnitCore.run(JUnitCore.java:160)
	at org.junit.runner.JUnitCore.run(JUnitCore.java:138)
	at org.junit.runner.JUnitCore.run(JUnitCore.java:117)
	at info.kgeorgiy.java.advanced.base.BaseTester.run(Unknown Source)
	at info.kgeorgiy.java.advanced.implementor.Tester.main(Unknown Source)
Caused by: java.lang.SecurityException: class "info.kgeorgiy.java.advanced.implementor.examples.ArabicImpl"'s signer information does not match signer information of other classes in the same package
	at java.lang.ClassLoader.checkCerts(ClassLoader.java:898)
	at java.lang.ClassLoader.preDefineClass(ClassLoader.java:668)
	at java.lang.ClassLoader.defineClass(ClassLoader.java:761)
	at java.security.SecureClassLoader.defineClass(SecureClassLoader.java:142)
	at java.net.URLClassLoader.defineClass(URLClassLoader.java:467)
	at java.net.URLClassLoader.access$100(URLClassLoader.java:73)
	at java.net.URLClassLoader$1.run(URLClassLoader.java:368)
	at java.net.URLClassLoader$1.run(URLClassLoader.java:362)
	at java.security.AccessController.doPrivileged(Native Method)
	at java.net.URLClassLoader.findClass(URLClassLoader.java:361)
	at java.lang.ClassLoader.loadClass(ClassLoader.java:424)
	at sun.misc.Launcher$AppClassLoader.loadClass(Launcher.java:331)
	at java.lang.ClassLoader.loadClass(ClassLoader.java:411)
	at java.lang.ClassLoader.loadClass(ClassLoader.java:357)
	at info.kgeorgiy.java.advanced.implementor.InterfaceImplementorTest.check(Unknown Source)
	at info.kgeorgiy.java.advanced.implementor.InterfaceJarImplementorTest.implementJar(Unknown Source)
	at info.kgeorgiy.java.advanced.implementor.ClassJarImplementorTest.implement(Unknown Source)
	... 35 more
Test test17_packagePrivateConstructor failed: Error implementing class info.kgeorgiy.java.advanced.implementor.examples.ClassWithPackagePrivateConstructor
java.lang.AssertionError: Error implementing class info.kgeorgiy.java.advanced.implementor.examples.ClassWithPackagePrivateConstructor
	at info.kgeorgiy.java.advanced.implementor.InterfaceImplementorTest.implement(Unknown Source)
	at info.kgeorgiy.java.advanced.implementor.InterfaceImplementorTest.test(Unknown Source)
	at info.kgeorgiy.java.advanced.implementor.ClassImplementorTest.test17_packagePrivateConstructor(Unknown Source)
	at sun.reflect.NativeMethodAccessorImpl.invoke0(Native Method)
	at sun.reflect.NativeMethodAccessorImpl.invoke(NativeMethodAccessorImpl.java:62)
	at sun.reflect.DelegatingMethodAccessorImpl.invoke(DelegatingMethodAccessorImpl.java:43)
	at java.lang.reflect.Method.invoke(Method.java:498)
	at org.junit.runners.model.FrameworkMethod$1.runReflectiveCall(FrameworkMethod.java:47)
	at org.junit.internal.runners.model.ReflectiveCallable.run(ReflectiveCallable.java:12)
	at org.junit.runners.model.FrameworkMethod.invokeExplosively(FrameworkMethod.java:44)
	at org.junit.internal.runners.statements.InvokeMethod.evaluate(InvokeMethod.java:17)
	at org.junit.rules.TestWatcher$1.evaluate(TestWatcher.java:55)
	at org.junit.rules.RunRules.evaluate(RunRules.java:20)
	at org.junit.runners.ParentRunner.runLeaf(ParentRunner.java:271)
	at org.junit.runners.BlockJUnit4ClassRunner.runChild(BlockJUnit4ClassRunner.java:70)
	at org.junit.runners.BlockJUnit4ClassRunner.runChild(BlockJUnit4ClassRunner.java:50)
	at org.junit.runners.ParentRunner$3.run(ParentRunner.java:238)
	at org.junit.runners.ParentRunner$1.schedule(ParentRunner.java:63)
	at org.junit.runners.ParentRunner.runChildren(ParentRunner.java:236)
	at org.junit.runners.ParentRunner.access$000(ParentRunner.java:53)
	at org.junit.runners.ParentRunner$2.evaluate(ParentRunner.java:229)
	at org.junit.runners.ParentRunner.run(ParentRunner.java:309)
	at org.junit.runners.Suite.runChild(Suite.java:127)
	at org.junit.runners.Suite.runChild(Suite.java:26)
	at org.junit.runners.ParentRunner$3.run(ParentRunner.java:238)
	at org.junit.runners.ParentRunner$1.schedule(ParentRunner.java:63)
	at org.junit.runners.ParentRunner.runChildren(ParentRunner.java:236)
	at org.junit.runners.ParentRunner.access$000(ParentRunner.java:53)
	at org.junit.runners.ParentRunner$2.evaluate(ParentRunner.java:229)
	at org.junit.runners.ParentRunner.run(ParentRunner.java:309)
	at org.junit.runner.JUnitCore.run(JUnitCore.java:160)
	at org.junit.runner.JUnitCore.run(JUnitCore.java:138)
	at org.junit.runner.JUnitCore.run(JUnitCore.java:117)
	at info.kgeorgiy.java.advanced.base.BaseTester.run(Unknown Source)
	at info.kgeorgiy.java.advanced.implementor.Tester.main(Unknown Source)
Caused by: java.lang.SecurityException: class "info.kgeorgiy.java.advanced.implementor.examples.ClassWithPackagePrivateConstructorImpl"'s signer information does not match signer information of other classes in the same package
	at java.lang.ClassLoader.checkCerts(ClassLoader.java:898)
	at java.lang.ClassLoader.preDefineClass(ClassLoader.java:668)
	at java.lang.ClassLoader.defineClass(ClassLoader.java:761)
	at java.security.SecureClassLoader.defineClass(SecureClassLoader.java:142)
	at java.net.URLClassLoader.defineClass(URLClassLoader.java:467)
	at java.net.URLClassLoader.access$100(URLClassLoader.java:73)
	at java.net.URLClassLoader$1.run(URLClassLoader.java:368)
	at java.net.URLClassLoader$1.run(URLClassLoader.java:362)
	at java.security.AccessController.doPrivileged(Native Method)
	at java.net.URLClassLoader.findClass(URLClassLoader.java:361)
	at java.lang.ClassLoader.loadClass(ClassLoader.java:424)
	at sun.misc.Launcher$AppClassLoader.loadClass(Launcher.java:331)
	at java.lang.ClassLoader.loadClass(ClassLoader.java:411)
	at java.lang.ClassLoader.loadClass(ClassLoader.java:357)
	at info.kgeorgiy.java.advanced.implementor.InterfaceImplementorTest.check(Unknown Source)
	at info.kgeorgiy.java.advanced.implementor.InterfaceJarImplementorTest.implementJar(Unknown Source)
	at info.kgeorgiy.java.advanced.implementor.ClassJarImplementorTest.implement(Unknown Source)
	... 35 more
Test test06_java8Interfaces failed: Error implementing interface info.kgeorgiy.java.advanced.implementor.examples.InterfaceWithStaticMethod
java.lang.AssertionError: Error implementing interface info.kgeorgiy.java.advanced.implementor.examples.InterfaceWithStaticMethod
	at info.kgeorgiy.java.advanced.implementor.InterfaceImplementorTest.implement(Unknown Source)
	at info.kgeorgiy.java.advanced.implementor.InterfaceImplementorTest.test(Unknown Source)
	at info.kgeorgiy.java.advanced.implementor.InterfaceImplementorTest.test06_java8Interfaces(Unknown Source)
	at sun.reflect.NativeMethodAccessorImpl.invoke0(Native Method)
	at sun.reflect.NativeMethodAccessorImpl.invoke(NativeMethodAccessorImpl.java:62)
	at sun.reflect.DelegatingMethodAccessorImpl.invoke(DelegatingMethodAccessorImpl.java:43)
	at java.lang.reflect.Method.invoke(Method.java:498)
	at org.junit.runners.model.FrameworkMethod$1.runReflectiveCall(FrameworkMethod.java:47)
	at org.junit.internal.runners.model.ReflectiveCallable.run(ReflectiveCallable.java:12)
	at org.junit.runners.model.FrameworkMethod.invokeExplosively(FrameworkMethod.java:44)
	at org.junit.internal.runners.statements.InvokeMethod.evaluate(InvokeMethod.java:17)
	at org.junit.rules.TestWatcher$1.evaluate(TestWatcher.java:55)
	at org.junit.rules.RunRules.evaluate(RunRules.java:20)
	at org.junit.runners.ParentRunner.runLeaf(ParentRunner.java:271)
	at org.junit.runners.BlockJUnit4ClassRunner.runChild(BlockJUnit4ClassRunner.java:70)
	at org.junit.runners.BlockJUnit4ClassRunner.runChild(BlockJUnit4ClassRunner.java:50)
	at org.junit.runners.ParentRunner$3.run(ParentRunner.java:238)
	at org.junit.runners.ParentRunner$1.schedule(ParentRunner.java:63)
	at org.junit.runners.ParentRunner.runChildren(ParentRunner.java:236)
	at org.junit.runners.ParentRunner.access$000(ParentRunner.java:53)
	at org.junit.runners.ParentRunner$2.evaluate(ParentRunner.java:229)
	at org.junit.runners.ParentRunner.run(ParentRunner.java:309)
	at org.junit.runners.Suite.runChild(Suite.java:127)
	at org.junit.runners.Suite.runChild(Suite.java:26)
	at org.junit.runners.ParentRunner$3.run(ParentRunner.java:238)
	at org.junit.runners.ParentRunner$1.schedule(ParentRunner.java:63)
	at org.junit.runners.ParentRunner.runChildren(ParentRunner.java:236)
	at org.junit.runners.ParentRunner.access$000(ParentRunner.java:53)
	at org.junit.runners.ParentRunner$2.evaluate(ParentRunner.java:229)
	at org.junit.runners.ParentRunner.run(ParentRunner.java:309)
	at org.junit.runner.JUnitCore.run(JUnitCore.java:160)
	at org.junit.runner.JUnitCore.run(JUnitCore.java:138)
	at org.junit.runner.JUnitCore.run(JUnitCore.java:117)
	at info.kgeorgiy.java.advanced.base.BaseTester.run(Unknown Source)
	at info.kgeorgiy.java.advanced.implementor.Tester.main(Unknown Source)
Caused by: java.lang.SecurityException: class "info.kgeorgiy.java.advanced.implementor.examples.InterfaceWithStaticMethodImpl"'s signer information does not match signer information of other classes in the same package
	at java.lang.ClassLoader.checkCerts(ClassLoader.java:898)
	at java.lang.ClassLoader.preDefineClass(ClassLoader.java:668)
	at java.lang.ClassLoader.defineClass(ClassLoader.java:761)
	at java.security.SecureClassLoader.defineClass(SecureClassLoader.java:142)
	at java.net.URLClassLoader.defineClass(URLClassLoader.java:467)
	at java.net.URLClassLoader.access$100(URLClassLoader.java:73)
	at java.net.URLClassLoader$1.run(URLClassLoader.java:368)
	at java.net.URLClassLoader$1.run(URLClassLoader.java:362)
	at java.security.AccessController.doPrivileged(Native Method)
	at java.net.URLClassLoader.findClass(URLClassLoader.java:361)
	at java.lang.ClassLoader.loadClass(ClassLoader.java:424)
	at sun.misc.Launcher$AppClassLoader.loadClass(Launcher.java:331)
	at java.lang.ClassLoader.loadClass(ClassLoader.java:411)
	at java.lang.ClassLoader.loadClass(ClassLoader.java:357)
	at info.kgeorgiy.java.advanced.implementor.InterfaceImplementorTest.check(Unknown Source)
	at info.kgeorgiy.java.advanced.implementor.InterfaceJarImplementorTest.implementJar(Unknown Source)
	at info.kgeorgiy.java.advanced.implementor.ClassJarImplementorTest.implement(Unknown Source)
	... 35 more
